SF:lib/src/features/currency_converter/domain/models/currency_model.dart
DA:7,6
DA:12,3
DA:13,9
LF:3
LH:3
end_of_record
SF:lib/src/features/currency_converter/domain/models/exchange_rate_model.dart
DA:12,1
DA:19,1
DA:20,1
DA:22,1
DA:23,4
LF:5
LH:5
end_of_record
SF:lib/src/features/currency_converter/domain/models_extensions/exchange_rate_model_extension.dart
DA:4,1
DA:5,1
DA:6,1
DA:7,1
DA:8,3
DA:9,2
DA:12,1
DA:13,1
DA:14,1
DA:15,3
LF:10
LH:10
end_of_record
SF:lib/src/features/currency_converter/domain/models/rate_model.dart
DA:7,3
DA:12,2
DA:13,6
LF:3
LH:3
end_of_record
SF:lib/src/features/currency_converter/domain/models/conversion_model.dart
DA:10,2
DA:16,1
DA:17,4
DA:19,4
LF:4
LH:4
end_of_record
SF:lib/src/features/currency_converter/domain/models_extensions/conversion_model_extension.dart
DA:4,4
DA:5,2
DA:6,2
DA:7,2
LF:4
LH:4
end_of_record
SF:lib/src/features/currency_converter/domain/usecases/get_currencies_usecase.dart
DA:7,2
DA:11,2
DA:12,4
LF:3
LH:3
end_of_record
SF:lib/src/features/currency_converter/data/services/currency_service_impl.dart
DA:10,1
DA:13,1
DA:14,2
DA:17,1
DA:21,2
DA:23,1
LF:6
LH:6
end_of_record
SF:lib/src/features/currency_converter/data/repository/currency_repository_impl.dart
DA:8,1
DA:13,1
DA:14,3
DA:16,1
DA:18,2
DA:19,2
LF:6
LH:6
end_of_record
SF:lib/src/core/services/http_exception.dart
DA:9,3
DA:16,2
DA:17,6
DA:21,2
DA:25,1
DA:34,2
DA:37,1
DA:45,3
DA:48,1
DA:56,2
DA:59,1
LF:11
LH:11
end_of_record
SF:lib/src/features/currency_converter/presentation/blocs/currency_bloc.dart
DA:10,1
DA:13,2
DA:16,1
DA:17,1
DA:18,2
DA:20,1
DA:21,1
DA:25,2
DA:27,2
DA:29,1
LF:10
LH:10
end_of_record
SF:lib/src/features/currency_converter/presentation/blocs/currency_state.dart
DA:5,4
DA:7,1
DA:8,1
DA:18,1
DA:22,1
DA:23,2
DA:29,3
DA:31,1
DA:32,2
LF:9
LH:9
end_of_record
SF:lib/src/features/currency_converter/presentation/components/dropdown_currency.dart
DA:12,1
DA:26,1
DA:28,1
DA:30,1
DA:32,1
DA:33,1
DA:35,2
DA:37,1
DA:38,1
DA:39,1
DA:48,1
DA:49,1
DA:50,1
DA:51,1
LF:14
LH:14
end_of_record
SF:lib/src/core/flavors/flavor_config.dart
DA:4,1
DA:7,2
DA:9,2
DA:11,2
DA:15,1
DA:22,1
DA:30,1
DA:38,1
DA:41,1
DA:49,1
DA:52,1
DA:60,1
DA:63,2
LF:13
LH:13
end_of_record
SF:lib/src/core/flavors/flavor_values.dart
DA:4,1
LF:1
LH:1
end_of_record
SF:lib/src/core/services/http_client_impl.dart
DA:14,1
DA:20,1
DA:25,1
DA:26,3
DA:29,1
DA:34,1
DA:35,3
DA:38,1
DA:41,3
DA:42,1
DA:43,1
DA:44,2
DA:45,1
DA:46,1
DA:48,1
DA:54,1
DA:55,1
DA:57,1
DA:58,2
DA:59,1
DA:60,3
DA:61,1
DA:63,2
DA:65,1
DA:66,3
DA:67,1
DA:69,2
DA:72,3
DA:73,1
DA:75,2
LF:30
LH:30
end_of_record
